


ARM Macro Assembler    Page 1 


    1 00000000         ;******************** (C) COPYRIGHT 2014 STMicroelectron
                       ics ********************
    2 00000000         ;* File Name          : startup_stm32f051.s
    3 00000000         ;* Author             : MCD Application Team
    4 00000000         ;* Version            : V1.4.0
    5 00000000         ;* Date               : 24-July-2014
    6 00000000         ;* Description        : STM32F051 devices vector table f
                       or MDK-ARM toolchain.
    7 00000000         ;*                      This module performs:
    8 00000000         ;*                      - Set the initial SP
    9 00000000         ;*                      - Set the initial PC == Reset_Ha
                       ndler
   10 00000000         ;*                      - Set the vector table entries w
                       ith the exceptions ISR address
   11 00000000         ;*                      - Configure the system clock
   12 00000000         ;*                      - Branches to __main in the C li
                       brary (which eventually
   13 00000000         ;*                        calls main()).
   14 00000000         ;*                      After Reset the CortexM0 process
                       or is in Thread mode,
   15 00000000         ;*                      priority is Privileged, and the 
                       Stack is set to Main.
   16 00000000         ;* <<< Use Configuration Wizard in Context Menu >>>   
   17 00000000         ;*******************************************************
                       ************************
   18 00000000         ;  @attention
   19 00000000         ; 
   20 00000000         ;  Licensed under MCD-ST Liberty SW License Agreement V2
                       , (the "License");
   21 00000000         ;  You may not use this file except in compliance with t
                       he License.
   22 00000000         ;  You may obtain a copy of the License at:
   23 00000000         ; 
   24 00000000         ;         http://www.st.com/software_license_agreement_l
                       iberty_v2
   25 00000000         ; 
   26 00000000         ;  Unless required by applicable law or agreed to in wri
                       ting, software 
   27 00000000         ;  distributed under the License is distributed on an "A
                       S IS" BASIS, 
   28 00000000         ;  WITHOUT WARRANTIES OR CONDITIONS OF ANY KIND, either 
                       express or implied.
   29 00000000         ;  See the License for the specific language governing p
                       ermissions and
   30 00000000         ;  limitations under the License.
   31 00000000         ; 
   32 00000000         ;*******************************************************
                       ************************
   33 00000000         ;
   34 00000000         ; Amount of memory (in bytes) allocated for Stack
   35 00000000         ; Tailor this value to your application needs
   36 00000000         ; <h> Stack Configuration
   37 00000000         ;   <o> Stack Size (in Bytes) <0x0-0xFFFFFFFF:8>
   38 00000000         ; </h>
   39 00000000         
   40 00000000 00000400 
                       Stack_Size
                               EQU              0x00000400
   41 00000000         



ARM Macro Assembler    Page 2 


   42 00000000                 AREA             STACK, NOINIT, READWRITE, ALIGN
=3
   43 00000000         Stack_Mem
                               SPACE            Stack_Size
   44 00000400         __initial_sp
   45 00000400         
   46 00000400         
   47 00000400         ; <h> Heap Configuration
   48 00000400         ;   <o>  Heap Size (in Bytes) <0x0-0xFFFFFFFF:8>
   49 00000400         ; </h>
   50 00000400         
   51 00000400 00000200 
                       Heap_Size
                               EQU              0x00000200
   52 00000400         
   53 00000400                 AREA             HEAP, NOINIT, READWRITE, ALIGN=
3
   54 00000000         __heap_base
   55 00000000         Heap_Mem
                               SPACE            Heap_Size
   56 00000200         __heap_limit
   57 00000200         
   58 00000200                 PRESERVE8
   59 00000200                 THUMB
   60 00000200         
   61 00000200         
   62 00000200         ; Vector Table Mapped to Address 0 at Reset
   63 00000200                 AREA             RESET, DATA, READONLY
   64 00000000                 EXPORT           __Vectors
   65 00000000                 EXPORT           __Vectors_End
   66 00000000                 EXPORT           __Vectors_Size
   67 00000000         
   68 00000000 00000000 
                       __Vectors
                               DCD              __initial_sp ; Top of Stack
   69 00000004 00000000        DCD              Reset_Handler ; Reset Handler
   70 00000008 00000000        DCD              NMI_Handler ; NMI Handler
   71 0000000C 00000000        DCD              HardFault_Handler ; Hard Fault 
                                                            Handler
   72 00000010 00000000        DCD              0           ; Reserved
   73 00000014 00000000        DCD              0           ; Reserved
   74 00000018 00000000        DCD              0           ; Reserved
   75 0000001C 00000000        DCD              0           ; Reserved
   76 00000020 00000000        DCD              0           ; Reserved
   77 00000024 00000000        DCD              0           ; Reserved
   78 00000028 00000000        DCD              0           ; Reserved
   79 0000002C 00000000        DCD              SVC_Handler ; SVCall Handler
   80 00000030 00000000        DCD              0           ; Reserved
   81 00000034 00000000        DCD              0           ; Reserved
   82 00000038 00000000        DCD              PendSV_Handler ; PendSV Handler
                                                            
   83 0000003C 00000000        DCD              SysTick_Handler 
                                                            ; SysTick Handler
   84 00000040         
   85 00000040         ; External Interrupts
   86 00000040 00000000        DCD              WWDG_IRQHandler 
                                                            ; Window Watchdog
   87 00000044 00000000        DCD              PVD_IRQHandler ; PVD through EX
                                                            TI Line detect



ARM Macro Assembler    Page 3 


   88 00000048 00000000        DCD              RTC_IRQHandler ; RTC through EX
                                                            TI Line
   89 0000004C 00000000        DCD              FLASH_IRQHandler ; FLASH
   90 00000050 00000000        DCD              RCC_IRQHandler ; RCC
   91 00000054 00000000        DCD              EXTI0_1_IRQHandler 
                                                            ; EXTI Line 0 and 1
                                                            
   92 00000058 00000000        DCD              EXTI2_3_IRQHandler 
                                                            ; EXTI Line 2 and 3
                                                            
   93 0000005C 00000000        DCD              EXTI4_15_IRQHandler 
                                                            ; EXTI Line 4 to 15
                                                            
   94 00000060 00000000        DCD              TS_IRQHandler ; TS
   95 00000064 00000000        DCD              DMA1_Channel1_IRQHandler 
                                                            ; DMA1 Channel 1
   96 00000068 00000000        DCD              DMA1_Channel2_3_IRQHandler ; DM
                                                            A1 Channel 2 and Ch
                                                            annel 3
   97 0000006C 00000000        DCD              DMA1_Channel4_5_IRQHandler ; DM
                                                            A1 Channel 4 and Ch
                                                            annel 5
   98 00000070 00000000        DCD              ADC1_COMP_IRQHandler ; ADC1, CO
                                                            MP1 and COMP2 
   99 00000074 00000000        DCD              TIM1_BRK_UP_TRG_COM_IRQHandler 
                                                            ; TIM1 Break, Updat
                                                            e, Trigger and Comm
                                                            utation
  100 00000078 00000000        DCD              TIM1_CC_IRQHandler ; TIM1 Captu
                                                            re Compare
  101 0000007C 00000000        DCD              TIM2_IRQHandler ; TIM2
  102 00000080 00000000        DCD              TIM3_IRQHandler ; TIM3
  103 00000084 00000000        DCD              TIM6_DAC_IRQHandler 
                                                            ; TIM6 and DAC
  104 00000088 00000000        DCD              0           ; Reserved
  105 0000008C 00000000        DCD              TIM14_IRQHandler ; TIM14
  106 00000090 00000000        DCD              TIM15_IRQHandler ; TIM15
  107 00000094 00000000        DCD              TIM16_IRQHandler ; TIM16
  108 00000098 00000000        DCD              TIM17_IRQHandler ; TIM17
  109 0000009C 00000000        DCD              I2C1_IRQHandler ; I2C1
  110 000000A0 00000000        DCD              I2C2_IRQHandler ; I2C2
  111 000000A4 00000000        DCD              SPI1_IRQHandler ; SPI1
  112 000000A8 00000000        DCD              SPI2_IRQHandler ; SPI2
  113 000000AC 00000000        DCD              USART1_IRQHandler ; USART1
  114 000000B0 00000000        DCD              USART2_IRQHandler ; USART2
  115 000000B4 00000000        DCD              0           ; Reserved
  116 000000B8 00000000        DCD              CEC_IRQHandler ; CEC
  117 000000BC 00000000        DCD              0           ; Reserved
  118 000000C0         
  119 000000C0         __Vectors_End
  120 000000C0         
  121 000000C0 000000C0 
                       __Vectors_Size
                               EQU              __Vectors_End - __Vectors
  122 000000C0         
  123 000000C0                 AREA             |.text|, CODE, READONLY
  124 00000000         
  125 00000000         ; Reset handler routine
  126 00000000         Reset_Handler



ARM Macro Assembler    Page 4 


                               PROC
  127 00000000                 EXPORT           Reset_Handler                 [
WEAK]
  128 00000000                 IMPORT           __main
  129 00000000                 IMPORT           SystemInit
  130 00000000         
  131 00000000         
  132 00000000         
  133 00000000 480F            LDR              R0, =__initial_sp ; set stack p
                                                            ointer 
  134 00000002 F380 8808       MSR              MSP, R0
  135 00000006         
  136 00000006         ;;Check if boot space corresponds to test memory 
  137 00000006         
  138 00000006 480F            LDR              R0,=0x00000004
  139 00000008 6801            LDR              R1, [R0]
  140 0000000A 0E09            LSRS             R1, R1, #24
  141 0000000C 4A0E            LDR              R2,=0x1F
  142 0000000E 4291            CMP              R1, R2
  143 00000010         
  144 00000010 D105            BNE              ApplicationStart
  145 00000012         
  146 00000012         ;; SYSCFG clock enable    
  147 00000012         
  148 00000012 480E            LDR              R0,=0x40021018
  149 00000014 490E            LDR              R1,=0x00000001
  150 00000016 6001            STR              R1, [R0]
  151 00000018         
  152 00000018         ;; Set CFGR1 register with flash memory remap at address
                        0
  153 00000018         
  154 00000018 480E            LDR              R0,=0x40010000
  155 0000001A 490F            LDR              R1,=0x00000000
  156 0000001C 6001            STR              R1, [R0]
  157 0000001E         ApplicationStart
  158 0000001E 480F            LDR              R0, =SystemInit
  159 00000020 4780            BLX              R0
  160 00000022 480F            LDR              R0, =__main
  161 00000024 4700            BX               R0
  162 00000026                 ENDP
  163 00000026         
  164 00000026         ; Dummy Exception Handlers (infinite loops which can be 
                       modified)
  165 00000026         
  166 00000026         NMI_Handler
                               PROC
  167 00000026                 EXPORT           NMI_Handler                    
[WEAK]
  168 00000026 E7FE            B                .
  169 00000028                 ENDP
  171 00000028         HardFault_Handler
                               PROC
  172 00000028                 EXPORT           HardFault_Handler              
[WEAK]
  173 00000028 E7FE            B                .
  174 0000002A                 ENDP
  175 0000002A         SVC_Handler
                               PROC
  176 0000002A                 EXPORT           SVC_Handler                    



ARM Macro Assembler    Page 5 


[WEAK]
  177 0000002A E7FE            B                .
  178 0000002C                 ENDP
  179 0000002C         PendSV_Handler
                               PROC
  180 0000002C                 EXPORT           PendSV_Handler                 
[WEAK]
  181 0000002C E7FE            B                .
  182 0000002E                 ENDP
  183 0000002E         SysTick_Handler
                               PROC
  184 0000002E                 EXPORT           SysTick_Handler                
[WEAK]
  185 0000002E E7FE            B                .
  186 00000030                 ENDP
  187 00000030         
  188 00000030         Default_Handler
                               PROC
  189 00000030         
  190 00000030                 EXPORT           WWDG_IRQHandler                
[WEAK]
  191 00000030                 EXPORT           PVD_IRQHandler                 
[WEAK]
  192 00000030                 EXPORT           RTC_IRQHandler                 
[WEAK]
  193 00000030                 EXPORT           FLASH_IRQHandler               
[WEAK]
  194 00000030                 EXPORT           RCC_IRQHandler                 
[WEAK]
  195 00000030                 EXPORT           EXTI0_1_IRQHandler             
[WEAK]
  196 00000030                 EXPORT           EXTI2_3_IRQHandler             
[WEAK]
  197 00000030                 EXPORT           EXTI4_15_IRQHandler            
[WEAK]
  198 00000030                 EXPORT           TS_IRQHandler                  
[WEAK]
  199 00000030                 EXPORT           DMA1_Channel1_IRQHandler       
[WEAK]
  200 00000030                 EXPORT           DMA1_Channel2_3_IRQHandler     
[WEAK]
  201 00000030                 EXPORT           DMA1_Channel4_5_IRQHandler     
[WEAK]
  202 00000030                 EXPORT           ADC1_COMP_IRQHandler           
[WEAK]
  203 00000030                 EXPORT           TIM1_BRK_UP_TRG_COM_IRQHandler 
[WEAK]
  204 00000030                 EXPORT           TIM1_CC_IRQHandler             
[WEAK]
  205 00000030                 EXPORT           TIM2_IRQHandler                
[WEAK]
  206 00000030                 EXPORT           TIM3_IRQHandler                
[WEAK]
  207 00000030                 EXPORT           TIM6_DAC_IRQHandler            
[WEAK]
  208 00000030                 EXPORT           TIM14_IRQHandler               
[WEAK]
  209 00000030                 EXPORT           TIM15_IRQHandler               
[WEAK]



ARM Macro Assembler    Page 6 


  210 00000030                 EXPORT           TIM16_IRQHandler               
[WEAK]
  211 00000030                 EXPORT           TIM17_IRQHandler               
[WEAK]
  212 00000030                 EXPORT           I2C1_IRQHandler                
[WEAK]
  213 00000030                 EXPORT           I2C2_IRQHandler                
[WEAK]
  214 00000030                 EXPORT           SPI1_IRQHandler                
[WEAK]
  215 00000030                 EXPORT           SPI2_IRQHandler                
[WEAK]
  216 00000030                 EXPORT           USART1_IRQHandler              
[WEAK]
  217 00000030                 EXPORT           USART2_IRQHandler              
[WEAK]
  218 00000030                 EXPORT           CEC_IRQHandler                 
[WEAK]
  219 00000030         
  220 00000030         
  221 00000030         WWDG_IRQHandler
  222 00000030         PVD_IRQHandler
  223 00000030         RTC_IRQHandler
  224 00000030         FLASH_IRQHandler
  225 00000030         RCC_IRQHandler
  226 00000030         EXTI0_1_IRQHandler
  227 00000030         EXTI2_3_IRQHandler
  228 00000030         EXTI4_15_IRQHandler
  229 00000030         TS_IRQHandler
  230 00000030         DMA1_Channel1_IRQHandler
  231 00000030         DMA1_Channel2_3_IRQHandler
  232 00000030         DMA1_Channel4_5_IRQHandler
  233 00000030         ADC1_COMP_IRQHandler
  234 00000030         TIM1_BRK_UP_TRG_COM_IRQHandler
  235 00000030         TIM1_CC_IRQHandler
  236 00000030         TIM2_IRQHandler
  237 00000030         TIM3_IRQHandler
  238 00000030         TIM6_DAC_IRQHandler
  239 00000030         TIM14_IRQHandler
  240 00000030         TIM15_IRQHandler
  241 00000030         TIM16_IRQHandler
  242 00000030         TIM17_IRQHandler
  243 00000030         I2C1_IRQHandler
  244 00000030         I2C2_IRQHandler
  245 00000030         SPI1_IRQHandler
  246 00000030         SPI2_IRQHandler
  247 00000030         USART1_IRQHandler
  248 00000030         USART2_IRQHandler
  249 00000030         CEC_IRQHandler
  250 00000030         
  251 00000030 E7FE            B                .
  252 00000032         
  253 00000032                 ENDP
  254 00000032         
  255 00000032 00 00           ALIGN
  256 00000034         
  257 00000034         ;*******************************************************
                       ************************
  258 00000034         ; User Stack and Heap initialization



ARM Macro Assembler    Page 7 


  259 00000034         ;*******************************************************
                       ************************
  260 00000034                 IF               :DEF:__MICROLIB
  267 00000034         
  268 00000034                 IMPORT           __use_two_region_memory
  269 00000034                 EXPORT           __user_initial_stackheap
  270 00000034         
  271 00000034         __user_initial_stackheap
  272 00000034         
  273 00000034 480B            LDR              R0, =  Heap_Mem
  274 00000036 490C            LDR              R1, =(Stack_Mem + Stack_Size)
  275 00000038 4A0C            LDR              R2, = (Heap_Mem +  Heap_Size)
  276 0000003A 4B0D            LDR              R3, = Stack_Mem
  277 0000003C 4770            BX               LR
  278 0000003E         
  279 0000003E 00 00           ALIGN
  280 00000040         
  281 00000040                 ENDIF
  282 00000040         
  283 00000040                 END
              00000000 
              00000004 
              0000001F 
              40021018 
              00000001 
              40010000 
              00000000 
              00000000 
              00000000 
              00000000 
              00000400 
              00000200 
              00000000 
Command Line: --debug --xref --diag_suppress=9931 --cpu=Cortex-M0 --apcs=interw
ork --depend=.\obj\startup_stm32f0xx_mdk_arm.d -o.\obj\startup_stm32f0xx_mdk_ar
m.o -IZ:\Documents\cx10_fnrf\RTE -IC:\Keil_v5\ARM\PACK\Keil\STM32F0xx_DFP\1.4.0
\Device\Include -IC:\Keil_v5\ARM\CMSIS\Include --predefine="__EVAL SETA 1" --pr
edefine="__UVISION_VERSION SETA 516" --predefine="STM32F031 SETA 1" --list=.\li
stings\startup_stm32f0xx_mdk_arm.lst startup\startup_stm32f0xx_mdk_arm.s



ARM Macro Assembler    Page 1 Alphabetic symbol ordering
Relocatable symbols

STACK 00000000

Symbol: STACK
   Definitions
      At line 42 in file startup\startup_stm32f0xx_mdk_arm.s
   Uses
      None
Comment: STACK unused
Stack_Mem 00000000

Symbol: Stack_Mem
   Definitions
      At line 43 in file startup\startup_stm32f0xx_mdk_arm.s
   Uses
      At line 274 in file startup\startup_stm32f0xx_mdk_arm.s
      At line 276 in file startup\startup_stm32f0xx_mdk_arm.s

__initial_sp 00000400

Symbol: __initial_sp
   Definitions
      At line 44 in file startup\startup_stm32f0xx_mdk_arm.s
   Uses
      At line 68 in file startup\startup_stm32f0xx_mdk_arm.s
      At line 133 in file startup\startup_stm32f0xx_mdk_arm.s

3 symbols



ARM Macro Assembler    Page 1 Alphabetic symbol ordering
Relocatable symbols

HEAP 00000000

Symbol: HEAP
   Definitions
      At line 53 in file startup\startup_stm32f0xx_mdk_arm.s
   Uses
      None
Comment: HEAP unused
Heap_Mem 00000000

Symbol: Heap_Mem
   Definitions
      At line 55 in file startup\startup_stm32f0xx_mdk_arm.s
   Uses
      At line 273 in file startup\startup_stm32f0xx_mdk_arm.s
      At line 275 in file startup\startup_stm32f0xx_mdk_arm.s

__heap_base 00000000

Symbol: __heap_base
   Definitions
      At line 54 in file startup\startup_stm32f0xx_mdk_arm.s
   Uses
      None
Comment: __heap_base unused
__heap_limit 00000200

Symbol: __heap_limit
   Definitions
      At line 56 in file startup\startup_stm32f0xx_mdk_arm.s
   Uses
      None
Comment: __heap_limit unused
4 symbols



ARM Macro Assembler    Page 1 Alphabetic symbol ordering
Relocatable symbols

RESET 00000000

Symbol: RESET
   Definitions
      At line 63 in file startup\startup_stm32f0xx_mdk_arm.s
   Uses
      None
Comment: RESET unused
__Vectors 00000000

Symbol: __Vectors
   Definitions
      At line 68 in file startup\startup_stm32f0xx_mdk_arm.s
   Uses
      At line 64 in file startup\startup_stm32f0xx_mdk_arm.s
      At line 121 in file startup\startup_stm32f0xx_mdk_arm.s

__Vectors_End 000000C0

Symbol: __Vectors_End
   Definitions
      At line 119 in file startup\startup_stm32f0xx_mdk_arm.s
   Uses
      At line 65 in file startup\startup_stm32f0xx_mdk_arm.s
      At line 121 in file startup\startup_stm32f0xx_mdk_arm.s

3 symbols



ARM Macro Assembler    Page 1 Alphabetic symbol ordering
Relocatable symbols

.text 00000000

Symbol: .text
   Definitions
      At line 123 in file startup\startup_stm32f0xx_mdk_arm.s
   Uses
      None
Comment: .text unused
ADC1_COMP_IRQHandler 00000030

Symbol: ADC1_COMP_IRQHandler
   Definitions
      At line 233 in file startup\startup_stm32f0xx_mdk_arm.s
   Uses
      At line 98 in file startup\startup_stm32f0xx_mdk_arm.s
      At line 202 in file startup\startup_stm32f0xx_mdk_arm.s

ApplicationStart 0000001E

Symbol: ApplicationStart
   Definitions
      At line 157 in file startup\startup_stm32f0xx_mdk_arm.s
   Uses
      At line 144 in file startup\startup_stm32f0xx_mdk_arm.s
Comment: ApplicationStart used once
CEC_IRQHandler 00000030

Symbol: CEC_IRQHandler
   Definitions
      At line 249 in file startup\startup_stm32f0xx_mdk_arm.s
   Uses
      At line 116 in file startup\startup_stm32f0xx_mdk_arm.s
      At line 218 in file startup\startup_stm32f0xx_mdk_arm.s

DMA1_Channel1_IRQHandler 00000030

Symbol: DMA1_Channel1_IRQHandler
   Definitions
      At line 230 in file startup\startup_stm32f0xx_mdk_arm.s
   Uses
      At line 95 in file startup\startup_stm32f0xx_mdk_arm.s
      At line 199 in file startup\startup_stm32f0xx_mdk_arm.s

DMA1_Channel2_3_IRQHandler 00000030

Symbol: DMA1_Channel2_3_IRQHandler
   Definitions
      At line 231 in file startup\startup_stm32f0xx_mdk_arm.s
   Uses
      At line 96 in file startup\startup_stm32f0xx_mdk_arm.s
      At line 200 in file startup\startup_stm32f0xx_mdk_arm.s

DMA1_Channel4_5_IRQHandler 00000030

Symbol: DMA1_Channel4_5_IRQHandler
   Definitions
      At line 232 in file startup\startup_stm32f0xx_mdk_arm.s
   Uses
      At line 97 in file startup\startup_stm32f0xx_mdk_arm.s



ARM Macro Assembler    Page 2 Alphabetic symbol ordering
Relocatable symbols

      At line 201 in file startup\startup_stm32f0xx_mdk_arm.s

Default_Handler 00000030

Symbol: Default_Handler
   Definitions
      At line 188 in file startup\startup_stm32f0xx_mdk_arm.s
   Uses
      None
Comment: Default_Handler unused
EXTI0_1_IRQHandler 00000030

Symbol: EXTI0_1_IRQHandler
   Definitions
      At line 226 in file startup\startup_stm32f0xx_mdk_arm.s
   Uses
      At line 91 in file startup\startup_stm32f0xx_mdk_arm.s
      At line 195 in file startup\startup_stm32f0xx_mdk_arm.s

EXTI2_3_IRQHandler 00000030

Symbol: EXTI2_3_IRQHandler
   Definitions
      At line 227 in file startup\startup_stm32f0xx_mdk_arm.s
   Uses
      At line 92 in file startup\startup_stm32f0xx_mdk_arm.s
      At line 196 in file startup\startup_stm32f0xx_mdk_arm.s

EXTI4_15_IRQHandler 00000030

Symbol: EXTI4_15_IRQHandler
   Definitions
      At line 228 in file startup\startup_stm32f0xx_mdk_arm.s
   Uses
      At line 93 in file startup\startup_stm32f0xx_mdk_arm.s
      At line 197 in file startup\startup_stm32f0xx_mdk_arm.s

FLASH_IRQHandler 00000030

Symbol: FLASH_IRQHandler
   Definitions
      At line 224 in file startup\startup_stm32f0xx_mdk_arm.s
   Uses
      At line 89 in file startup\startup_stm32f0xx_mdk_arm.s
      At line 193 in file startup\startup_stm32f0xx_mdk_arm.s

HardFault_Handler 00000028

Symbol: HardFault_Handler
   Definitions
      At line 171 in file startup\startup_stm32f0xx_mdk_arm.s
   Uses
      At line 71 in file startup\startup_stm32f0xx_mdk_arm.s
      At line 172 in file startup\startup_stm32f0xx_mdk_arm.s

I2C1_IRQHandler 00000030

Symbol: I2C1_IRQHandler
   Definitions



ARM Macro Assembler    Page 3 Alphabetic symbol ordering
Relocatable symbols

      At line 243 in file startup\startup_stm32f0xx_mdk_arm.s
   Uses
      At line 109 in file startup\startup_stm32f0xx_mdk_arm.s
      At line 212 in file startup\startup_stm32f0xx_mdk_arm.s

I2C2_IRQHandler 00000030

Symbol: I2C2_IRQHandler
   Definitions
      At line 244 in file startup\startup_stm32f0xx_mdk_arm.s
   Uses
      At line 110 in file startup\startup_stm32f0xx_mdk_arm.s
      At line 213 in file startup\startup_stm32f0xx_mdk_arm.s

NMI_Handler 00000026

Symbol: NMI_Handler
   Definitions
      At line 166 in file startup\startup_stm32f0xx_mdk_arm.s
   Uses
      At line 70 in file startup\startup_stm32f0xx_mdk_arm.s
      At line 167 in file startup\startup_stm32f0xx_mdk_arm.s

PVD_IRQHandler 00000030

Symbol: PVD_IRQHandler
   Definitions
      At line 222 in file startup\startup_stm32f0xx_mdk_arm.s
   Uses
      At line 87 in file startup\startup_stm32f0xx_mdk_arm.s
      At line 191 in file startup\startup_stm32f0xx_mdk_arm.s

PendSV_Handler 0000002C

Symbol: PendSV_Handler
   Definitions
      At line 179 in file startup\startup_stm32f0xx_mdk_arm.s
   Uses
      At line 82 in file startup\startup_stm32f0xx_mdk_arm.s
      At line 180 in file startup\startup_stm32f0xx_mdk_arm.s

RCC_IRQHandler 00000030

Symbol: RCC_IRQHandler
   Definitions
      At line 225 in file startup\startup_stm32f0xx_mdk_arm.s
   Uses
      At line 90 in file startup\startup_stm32f0xx_mdk_arm.s
      At line 194 in file startup\startup_stm32f0xx_mdk_arm.s

RTC_IRQHandler 00000030

Symbol: RTC_IRQHandler
   Definitions
      At line 223 in file startup\startup_stm32f0xx_mdk_arm.s
   Uses
      At line 88 in file startup\startup_stm32f0xx_mdk_arm.s
      At line 192 in file startup\startup_stm32f0xx_mdk_arm.s




ARM Macro Assembler    Page 4 Alphabetic symbol ordering
Relocatable symbols

Reset_Handler 00000000

Symbol: Reset_Handler
   Definitions
      At line 126 in file startup\startup_stm32f0xx_mdk_arm.s
   Uses
      At line 69 in file startup\startup_stm32f0xx_mdk_arm.s
      At line 127 in file startup\startup_stm32f0xx_mdk_arm.s

SPI1_IRQHandler 00000030

Symbol: SPI1_IRQHandler
   Definitions
      At line 245 in file startup\startup_stm32f0xx_mdk_arm.s
   Uses
      At line 111 in file startup\startup_stm32f0xx_mdk_arm.s
      At line 214 in file startup\startup_stm32f0xx_mdk_arm.s

SPI2_IRQHandler 00000030

Symbol: SPI2_IRQHandler
   Definitions
      At line 246 in file startup\startup_stm32f0xx_mdk_arm.s
   Uses
      At line 112 in file startup\startup_stm32f0xx_mdk_arm.s
      At line 215 in file startup\startup_stm32f0xx_mdk_arm.s

SVC_Handler 0000002A

Symbol: SVC_Handler
   Definitions
      At line 175 in file startup\startup_stm32f0xx_mdk_arm.s
   Uses
      At line 79 in file startup\startup_stm32f0xx_mdk_arm.s
      At line 176 in file startup\startup_stm32f0xx_mdk_arm.s

SysTick_Handler 0000002E

Symbol: SysTick_Handler
   Definitions
      At line 183 in file startup\startup_stm32f0xx_mdk_arm.s
   Uses
      At line 83 in file startup\startup_stm32f0xx_mdk_arm.s
      At line 184 in file startup\startup_stm32f0xx_mdk_arm.s

TIM14_IRQHandler 00000030

Symbol: TIM14_IRQHandler
   Definitions
      At line 239 in file startup\startup_stm32f0xx_mdk_arm.s
   Uses
      At line 105 in file startup\startup_stm32f0xx_mdk_arm.s
      At line 208 in file startup\startup_stm32f0xx_mdk_arm.s

TIM15_IRQHandler 00000030

Symbol: TIM15_IRQHandler
   Definitions
      At line 240 in file startup\startup_stm32f0xx_mdk_arm.s



ARM Macro Assembler    Page 5 Alphabetic symbol ordering
Relocatable symbols

   Uses
      At line 106 in file startup\startup_stm32f0xx_mdk_arm.s
      At line 209 in file startup\startup_stm32f0xx_mdk_arm.s

TIM16_IRQHandler 00000030

Symbol: TIM16_IRQHandler
   Definitions
      At line 241 in file startup\startup_stm32f0xx_mdk_arm.s
   Uses
      At line 107 in file startup\startup_stm32f0xx_mdk_arm.s
      At line 210 in file startup\startup_stm32f0xx_mdk_arm.s

TIM17_IRQHandler 00000030

Symbol: TIM17_IRQHandler
   Definitions
      At line 242 in file startup\startup_stm32f0xx_mdk_arm.s
   Uses
      At line 108 in file startup\startup_stm32f0xx_mdk_arm.s
      At line 211 in file startup\startup_stm32f0xx_mdk_arm.s

TIM1_BRK_UP_TRG_COM_IRQHandler 00000030

Symbol: TIM1_BRK_UP_TRG_COM_IRQHandler
   Definitions
      At line 234 in file startup\startup_stm32f0xx_mdk_arm.s
   Uses
      At line 99 in file startup\startup_stm32f0xx_mdk_arm.s
      At line 203 in file startup\startup_stm32f0xx_mdk_arm.s

TIM1_CC_IRQHandler 00000030

Symbol: TIM1_CC_IRQHandler
   Definitions
      At line 235 in file startup\startup_stm32f0xx_mdk_arm.s
   Uses
      At line 100 in file startup\startup_stm32f0xx_mdk_arm.s
      At line 204 in file startup\startup_stm32f0xx_mdk_arm.s

TIM2_IRQHandler 00000030

Symbol: TIM2_IRQHandler
   Definitions
      At line 236 in file startup\startup_stm32f0xx_mdk_arm.s
   Uses
      At line 101 in file startup\startup_stm32f0xx_mdk_arm.s
      At line 205 in file startup\startup_stm32f0xx_mdk_arm.s

TIM3_IRQHandler 00000030

Symbol: TIM3_IRQHandler
   Definitions
      At line 237 in file startup\startup_stm32f0xx_mdk_arm.s
   Uses
      At line 102 in file startup\startup_stm32f0xx_mdk_arm.s
      At line 206 in file startup\startup_stm32f0xx_mdk_arm.s

TIM6_DAC_IRQHandler 00000030



ARM Macro Assembler    Page 6 Alphabetic symbol ordering
Relocatable symbols


Symbol: TIM6_DAC_IRQHandler
   Definitions
      At line 238 in file startup\startup_stm32f0xx_mdk_arm.s
   Uses
      At line 103 in file startup\startup_stm32f0xx_mdk_arm.s
      At line 207 in file startup\startup_stm32f0xx_mdk_arm.s

TS_IRQHandler 00000030

Symbol: TS_IRQHandler
   Definitions
      At line 229 in file startup\startup_stm32f0xx_mdk_arm.s
   Uses
      At line 94 in file startup\startup_stm32f0xx_mdk_arm.s
      At line 198 in file startup\startup_stm32f0xx_mdk_arm.s

USART1_IRQHandler 00000030

Symbol: USART1_IRQHandler
   Definitions
      At line 247 in file startup\startup_stm32f0xx_mdk_arm.s
   Uses
      At line 113 in file startup\startup_stm32f0xx_mdk_arm.s
      At line 216 in file startup\startup_stm32f0xx_mdk_arm.s

USART2_IRQHandler 00000030

Symbol: USART2_IRQHandler
   Definitions
      At line 248 in file startup\startup_stm32f0xx_mdk_arm.s
   Uses
      At line 114 in file startup\startup_stm32f0xx_mdk_arm.s
      At line 217 in file startup\startup_stm32f0xx_mdk_arm.s

WWDG_IRQHandler 00000030

Symbol: WWDG_IRQHandler
   Definitions
      At line 221 in file startup\startup_stm32f0xx_mdk_arm.s
   Uses
      At line 86 in file startup\startup_stm32f0xx_mdk_arm.s
      At line 190 in file startup\startup_stm32f0xx_mdk_arm.s

__user_initial_stackheap 00000034

Symbol: __user_initial_stackheap
   Definitions
      At line 271 in file startup\startup_stm32f0xx_mdk_arm.s
   Uses
      At line 269 in file startup\startup_stm32f0xx_mdk_arm.s
Comment: __user_initial_stackheap used once
39 symbols



ARM Macro Assembler    Page 1 Alphabetic symbol ordering
Absolute symbols

Heap_Size 00000200

Symbol: Heap_Size
   Definitions
      At line 51 in file startup\startup_stm32f0xx_mdk_arm.s
   Uses
      At line 55 in file startup\startup_stm32f0xx_mdk_arm.s
      At line 275 in file startup\startup_stm32f0xx_mdk_arm.s

Stack_Size 00000400

Symbol: Stack_Size
   Definitions
      At line 40 in file startup\startup_stm32f0xx_mdk_arm.s
   Uses
      At line 43 in file startup\startup_stm32f0xx_mdk_arm.s
      At line 274 in file startup\startup_stm32f0xx_mdk_arm.s

__Vectors_Size 000000C0

Symbol: __Vectors_Size
   Definitions
      At line 121 in file startup\startup_stm32f0xx_mdk_arm.s
   Uses
      At line 66 in file startup\startup_stm32f0xx_mdk_arm.s
Comment: __Vectors_Size used once
3 symbols



ARM Macro Assembler    Page 1 Alphabetic symbol ordering
External symbols

SystemInit 00000000

Symbol: SystemInit
   Definitions
      At line 129 in file startup\startup_stm32f0xx_mdk_arm.s
   Uses
      At line 158 in file startup\startup_stm32f0xx_mdk_arm.s
Comment: SystemInit used once
__main 00000000

Symbol: __main
   Definitions
      At line 128 in file startup\startup_stm32f0xx_mdk_arm.s
   Uses
      At line 160 in file startup\startup_stm32f0xx_mdk_arm.s
Comment: __main used once
__use_two_region_memory 00000000

Symbol: __use_two_region_memory
   Definitions
      At line 268 in file startup\startup_stm32f0xx_mdk_arm.s
   Uses
      None
Comment: __use_two_region_memory unused
3 symbols
392 symbols in table
